<?xml version="1.0" encoding="UTF-8"?>
<coverage generated="1768753080445" clover="3.2.0">
  <project timestamp="1768753080445" name="All files">
    <metrics statements="15" coveredstatements="13" conditionals="10" coveredconditionals="10" methods="4" coveredmethods="2" elements="29" coveredelements="25" complexity="0" loc="15" ncloc="15" packages="4" files="4" classes="4"/>
    <package name=".storybook">
      <metrics statements="1" coveredstatements="1" conditionals="0" coveredconditionals="0" methods="0" coveredmethods="0"/>
      <file name="preview.ts" path="D:\Projects\Internal\clouda-vtex-ui\.storybook\preview.ts">
        <metrics statements="1" coveredstatements="1" conditionals="0" coveredconditionals="0" methods="0" coveredmethods="0"/>
        <line num="4" count="2" type="stmt"/>
      </file>
    </package>
    <package name="lib">
      <metrics statements="0" coveredstatements="0" conditionals="0" coveredconditionals="0" methods="0" coveredmethods="0"/>
      <file name="tailwind.css" path="D:\Projects\Internal\clouda-vtex-ui\lib\tailwind.css">
        <metrics statements="0" coveredstatements="0" conditionals="0" coveredconditionals="0" methods="0" coveredmethods="0"/>
      </file>
    </package>
    <package name="lib.Button">
      <metrics statements="8" coveredstatements="8" conditionals="4" coveredconditionals="4" methods="1" coveredmethods="1"/>
      <file name="Button.tsx" path="D:\Projects\Internal\clouda-vtex-ui\lib\Button\Button.tsx">
        <metrics statements="8" coveredstatements="8" conditionals="4" coveredconditionals="4" methods="1" coveredmethods="1"/>
        <line num="1" count="1" type="stmt"/>
        <line num="11" count="1" type="stmt"/>
        <line num="19" count="5" type="stmt"/>
        <line num="21" count="5" type="stmt"/>
        <line num="28" count="5" type="stmt"/>
        <line num="34" count="5" type="stmt"/>
        <line num="41" count="5" type="stmt"/>
        <line num="42" count="1" type="stmt"/>
      </file>
    </package>
    <package name="lib.HeroBanner">
      <metrics statements="6" coveredstatements="4" conditionals="6" coveredconditionals="6" methods="3" coveredmethods="1"/>
      <file name="HeroBanner.tsx" path="D:\Projects\Internal\clouda-vtex-ui\lib\HeroBanner\HeroBanner.tsx">
        <metrics statements="6" coveredstatements="4" conditionals="6" coveredconditionals="6" methods="3" coveredmethods="1"/>
        <line num="1" count="1" type="stmt"/>
        <line num="13" count="1" type="stmt"/>
        <line num="22" count="7" type="stmt"/>
        <line num="34" count="1" type="stmt"/>
        <line num="56" count="0" type="stmt"/>
        <line num="59" count="0" type="stmt"/>
      </file>
    </package>
  </project>
</coverage>
