{"D:\\Projects\\Internal\\clouda-vtex-ui\\.storybook\\preview.ts": {"path":"D:\\Projects\\Internal\\clouda-vtex-ui\\.storybook\\preview.ts","statementMap":{"0":{"start":{"line":4,"column":25},"end":{"line":20,"column":null}}},"fnMap":{},"branchMap":{},"s":{"0":2},"f":{},"b":{},"meta":{"lastBranch":0,"lastFunction":0,"lastStatement":1,"seen":{"s:4:25:20:Infinity":0}}}
,"D:\\Projects\\Internal\\clouda-vtex-ui\\lib\\tailwind.css": {"path":"D:\\Projects\\Internal\\clouda-vtex-ui\\lib\\tailwind.css","statementMap":{},"fnMap":{},"branchMap":{},"s":{},"f":{},"b":{},"meta":{"lastBranch":0,"lastFunction":0,"lastStatement":0,"seen":{}}}
,"D:\\Projects\\Internal\\clouda-vtex-ui\\lib\\Button\\Button.tsx": {"path":"D:\\Projects\\Internal\\clouda-vtex-ui\\lib\\Button\\Button.tsx","statementMap":{"0":{"start":{"line":42,"column":4},"end":{"line":42,"column":5}},"1":{"start":{"line":1,"column":18},"end":{"line":1,"column":null}},"2":{"start":{"line":11,"column":38},"end":{"line":50,"column":null}},"3":{"start":{"line":19,"column":22},"end":{"line":19,"column":null}},"4":{"start":{"line":21,"column":25},"end":{"line":26,"column":null}},"5":{"start":{"line":28,"column":22},"end":{"line":32,"column":null}},"6":{"start":{"line":34,"column":26},"end":{"line":39,"column":null}},"7":{"start":{"line":41,"column":2},"end":{"line":48,"column":null}}},"fnMap":{"0":{"name":"(anonymous_0)","decl":{"start":{"line":11,"column":38},"end":{"line":11,"column":39}},"loc":{"start":{"line":18,"column":6},"end":{"line":50,"column":null}},"line":18}},"branchMap":{"0":{"loc":{"start":{"line":13,"column":2},"end":{"line":13,"column":null}},"type":"default-arg","locations":[{"start":{"line":13,"column":12},"end":{"line":13,"column":null}}],"line":13},"1":{"loc":{"start":{"line":14,"column":2},"end":{"line":14,"column":null}},"type":"default-arg","locations":[{"start":{"line":14,"column":9},"end":{"line":14,"column":null}}],"line":14},"2":{"loc":{"start":{"line":15,"column":2},"end":{"line":15,"column":null}},"type":"default-arg","locations":[{"start":{"line":15,"column":13},"end":{"line":15,"column":null}}],"line":15},"3":{"loc":{"start":{"line":16,"column":2},"end":{"line":16,"column":null}},"type":"default-arg","locations":[{"start":{"line":16,"column":14},"end":{"line":16,"column":null}}],"line":16}},"s":{"0":1,"1":1,"2":1,"3":5,"4":5,"5":5,"6":5,"7":5},"f":{"0":5},"b":{"0":[5],"1":[5],"2":[5],"3":[5]},"meta":{"lastBranch":4,"lastFunction":1,"lastStatement":8,"seen":{"s:42:4:42:5":0,"s:1:18:1:Infinity":1,"s:11:38:50:Infinity":2,"f:11:38:11:39":0,"b:13:12:13:Infinity":0,"b:14:9:14:Infinity":1,"b:15:13:15:Infinity":2,"b:16:14:16:Infinity":3,"s:19:22:19:Infinity":3,"s:21:25:26:Infinity":4,"s:28:22:32:Infinity":5,"s:34:26:39:Infinity":6,"s:41:2:48:Infinity":7}}}
,"D:\\Projects\\Internal\\clouda-vtex-ui\\lib\\HeroBanner\\HeroBanner.tsx": {"path":"D:\\Projects\\Internal\\clouda-vtex-ui\\lib\\HeroBanner\\HeroBanner.tsx","statementMap":{"0":{"start":{"line":34,"column":10},"end":{"line":34,"column":11}},"1":{"start":{"line":1,"column":18},"end":{"line":1,"column":null}},"2":{"start":{"line":13,"column":46},"end":{"line":92,"column":null}},"3":{"start":{"line":22,"column":2},"end":{"line":90,"column":null}},"4":{"start":{"line":56,"column":18},"end":{"line":56,"column":null}},"5":{"start":{"line":59,"column":18},"end":{"line":59,"column":null}}},"fnMap":{"0":{"name":"(anonymous_0)","decl":{"start":{"line":13,"column":46},"end":{"line":13,"column":47}},"loc":{"start":{"line":21,"column":6},"end":{"line":92,"column":null}},"line":21},"1":{"name":"(anonymous_1)","decl":{"start":{"line":55,"column":30},"end":{"line":55,"column":31}},"loc":{"start":{"line":55,"column":37},"end":{"line":57,"column":null}},"line":55},"2":{"name":"(anonymous_2)","decl":{"start":{"line":58,"column":30},"end":{"line":58,"column":31}},"loc":{"start":{"line":58,"column":37},"end":{"line":60,"column":null}},"line":58}},"branchMap":{"0":{"loc":{"start":{"line":19,"column":2},"end":{"line":19,"column":null}},"type":"default-arg","locations":[{"start":{"line":19,"column":13},"end":{"line":19,"column":null}}],"line":19},"1":{"loc":{"start":{"line":20,"column":2},"end":{"line":20,"column":null}},"type":"default-arg","locations":[{"start":{"line":20,"column":14},"end":{"line":20,"column":null}}],"line":20},"2":{"loc":{"start":{"line":46,"column":11},"end":{"line":64,"column":null}},"type":"binary-expr","locations":[{"start":{"line":46,"column":11},"end":{"line":46,"column":null}},{"start":{"line":47,"column":12},"end":{"line":64,"column":null}}],"line":46},"3":{"loc":{"start":{"line":69,"column":9},"end":{"line":87,"column":null}},"type":"binary-expr","locations":[{"start":{"line":69,"column":9},"end":{"line":69,"column":null}},{"start":{"line":70,"column":10},"end":{"line":87,"column":null}}],"line":69}},"s":{"0":1,"1":1,"2":1,"3":7,"4":0,"5":0},"f":{"0":7,"1":0,"2":0},"b":{"0":[7],"1":[7],"2":[7,6],"3":[7,6]},"meta":{"lastBranch":4,"lastFunction":3,"lastStatement":6,"seen":{"s:34:10:34:11":0,"s:1:18:1:Infinity":1,"s:13:46:92:Infinity":2,"f:13:46:13:47":0,"b:19:13:19:Infinity":0,"b:20:14:20:Infinity":1,"s:22:2:90:Infinity":3,"b:46:11:46:Infinity:47:12:64:Infinity":2,"f:55:30:55:31":1,"s:56:18:56:Infinity":4,"f:58:30:58:31":2,"s:59:18:59:Infinity":5,"b:69:9:69:Infinity:70:10:87:Infinity":3}}}
}
